<?xml version="1.0" encoding="UTF-8"?>
<coverage generated="1740665019125" clover="3.2.0">
  <project timestamp="1740665019125" name="All files">
    <metrics statements="89" coveredstatements="89" conditionals="47" coveredconditionals="43" methods="22" coveredmethods="22" elements="158" coveredelements="154" complexity="0" loc="89" ncloc="89" packages="4" files="8" classes="8"/>
    <package name="app">
      <metrics statements="28" coveredstatements="28" conditionals="6" coveredconditionals="6" methods="4" coveredmethods="4"/>
      <file name="page.tsx" path="/Users/kickavenue/Downloads/github-repos-explorer/app/page.tsx">
        <metrics statements="28" coveredstatements="28" conditionals="6" coveredconditionals="6" methods="4" coveredmethods="4"/>
        <line num="11" count="37" type="stmt"/>
        <line num="12" count="37" type="stmt"/>
        <line num="13" count="37" type="stmt"/>
        <line num="14" count="37" type="stmt"/>
        <line num="15" count="37" type="stmt"/>
        <line num="16" count="37" type="stmt"/>
        <line num="18" count="37" type="stmt"/>
        <line num="19" count="16" type="stmt"/>
        <line num="20" count="16" type="stmt"/>
        <line num="22" count="16" type="stmt"/>
        <line num="23" count="16" type="stmt"/>
        <line num="26" count="37" type="stmt"/>
        <line num="27" count="1" type="stmt"/>
        <line num="30" count="37" type="stmt"/>
        <line num="32" count="6" type="cond" truecount="2" falsecount="0"/>
        <line num="33" count="1" type="stmt"/>
        <line num="34" count="1" type="stmt"/>
        <line num="35" count="1" type="stmt"/>
        <line num="38" count="5" type="stmt"/>
        <line num="39" count="5" type="stmt"/>
        <line num="40" count="5" type="stmt"/>
        <line num="42" count="5" type="stmt"/>
        <line num="43" count="5" type="stmt"/>
        <line num="44" count="3" type="stmt"/>
        <line num="46" count="2" type="cond" truecount="2" falsecount="0"/>
        <line num="47" count="2" type="stmt"/>
        <line num="49" count="5" type="stmt"/>
        <line num="53" count="37" type="stmt"/>
      </file>
    </package>
    <package name="components">
      <metrics statements="37" coveredstatements="37" conditionals="35" coveredconditionals="31" methods="12" coveredmethods="12"/>
      <file name="error-message.tsx" path="/Users/kickavenue/Downloads/github-repos-explorer/components/error-message.tsx">
        <metrics statements="1" coveredstatements="1" conditionals="0" coveredconditionals="0" methods="1" coveredmethods="1"/>
        <line num="6" count="5" type="stmt"/>
      </file>
      <file name="loading-spinner.tsx" path="/Users/kickavenue/Downloads/github-repos-explorer/components/loading-spinner.tsx">
        <metrics statements="2" coveredstatements="2" conditionals="1" coveredconditionals="1" methods="1" coveredmethods="1"/>
        <line num="6" count="16" type="stmt"/>
        <line num="12" count="16" type="stmt"/>
      </file>
      <file name="repository-list.tsx" path="/Users/kickavenue/Downloads/github-repos-explorer/components/repository-list.tsx">
        <metrics statements="5" coveredstatements="5" conditionals="14" coveredconditionals="13" methods="2" coveredmethods="2"/>
        <line num="14" count="15" type="cond" truecount="2" falsecount="0"/>
        <line num="15" count="14" type="cond" truecount="2" falsecount="0"/>
        <line num="16" count="8" type="cond" truecount="2" falsecount="0"/>
        <line num="18" count="5" type="stmt"/>
        <line num="37" count="5" type="stmt"/>
      </file>
      <file name="user-list.tsx" path="/Users/kickavenue/Downloads/github-repos-explorer/components/user-list.tsx">
        <metrics statements="5" coveredstatements="5" conditionals="10" coveredconditionals="8" methods="3" coveredmethods="3"/>
        <line num="12" count="41" type="cond" truecount="2" falsecount="0"/>
        <line num="13" count="20" type="stmt"/>
        <line num="16" count="21" type="stmt"/>
        <line num="21" count="25" type="stmt"/>
        <line num="26" count="8" type="stmt"/>
      </file>
      <file name="user-search.tsx" path="/Users/kickavenue/Downloads/github-repos-explorer/components/user-search.tsx">
        <metrics statements="24" coveredstatements="24" conditionals="10" coveredconditionals="9" methods="5" coveredmethods="5"/>
        <line num="16" count="83" type="stmt"/>
        <line num="17" count="83" type="stmt"/>
        <line num="18" count="83" type="stmt"/>
        <line num="19" count="83" type="stmt"/>
        <line num="21" count="83" type="stmt"/>
        <line num="22" count="27" type="stmt"/>
        <line num="23" count="27" type="cond" truecount="2" falsecount="0"/>
        <line num="24" count="16" type="stmt"/>
        <line num="25" count="16" type="stmt"/>
        <line num="28" count="11" type="stmt"/>
        <line num="29" count="11" type="stmt"/>
        <line num="30" count="11" type="stmt"/>
        <line num="31" count="9" type="stmt"/>
        <line num="32" count="9" type="stmt"/>
        <line num="34" count="2" type="cond" truecount="1" falsecount="1"/>
        <line num="35" count="2" type="stmt"/>
        <line num="36" count="2" type="stmt"/>
        <line num="38" count="11" type="stmt"/>
        <line num="42" count="27" type="stmt"/>
        <line num="45" count="83" type="stmt"/>
        <line num="46" count="15" type="stmt"/>
        <line num="49" count="83" type="stmt"/>
        <line num="50" count="1" type="stmt"/>
        <line num="54" count="83" type="stmt"/>
      </file>
    </package>
    <package name="hooks">
      <metrics statements="7" coveredstatements="7" conditionals="0" coveredconditionals="0" methods="4" coveredmethods="4"/>
      <file name="use-debounce.ts" path="/Users/kickavenue/Downloads/github-repos-explorer/hooks/use-debounce.ts">
        <metrics statements="7" coveredstatements="7" conditionals="0" coveredconditionals="0" methods="4" coveredmethods="4"/>
        <line num="6" count="96" type="stmt"/>
        <line num="8" count="96" type="stmt"/>
        <line num="9" count="41" type="stmt"/>
        <line num="10" count="15" type="stmt"/>
        <line num="13" count="41" type="stmt"/>
        <line num="14" count="41" type="stmt"/>
        <line num="18" count="96" type="stmt"/>
      </file>
    </package>
    <package name="services">
      <metrics statements="17" coveredstatements="17" conditionals="6" coveredconditionals="6" methods="2" coveredmethods="2"/>
      <file name="github-api.ts" path="/Users/kickavenue/Downloads/github-repos-explorer/services/github-api.ts">
        <metrics statements="17" coveredstatements="17" conditionals="6" coveredconditionals="6" methods="2" coveredmethods="2"/>
        <line num="3" count="3" type="stmt"/>
        <line num="6" count="7" type="cond" truecount="2" falsecount="0"/>
        <line num="8" count="5" type="stmt"/>
        <line num="9" count="5" type="stmt"/>
        <line num="11" count="4" type="cond" truecount="2" falsecount="0"/>
        <line num="12" count="1" type="stmt"/>
        <line num="15" count="3" type="stmt"/>
        <line num="16" count="3" type="stmt"/>
        <line num="18" count="2" type="stmt"/>
        <line num="19" count="2" type="stmt"/>
        <line num="24" count="5" type="stmt"/>
        <line num="25" count="5" type="stmt"/>
        <line num="27" count="4" type="cond" truecount="2" falsecount="0"/>
        <line num="28" count="1" type="stmt"/>
        <line num="31" count="3" type="stmt"/>
        <line num="33" count="2" type="stmt"/>
        <line num="34" count="2" type="stmt"/>
      </file>
    </package>
  </project>
</coverage>
