{"/Users/kickavenue/Downloads/github-repos-explorer/app/page.tsx": {"path":"/Users/kickavenue/Downloads/github-repos-explorer/app/page.tsx","statementMap":{"0":{"start":{"line":11,"column":28},"end":{"line":11,"column":48}},"1":{"start":{"line":12,"column":42},"end":{"line":12,"column":69}},"2":{"start":{"line":13,"column":42},"end":{"line":13,"column":68}},"3":{"start":{"line":14,"column":46},"end":{"line":14,"column":61}},"4":{"start":{"line":15,"column":40},"end":{"line":15,"column":52}},"5":{"start":{"line":16,"column":28},"end":{"line":16,"column":57}},"6":{"start":{"line":18,"column":27},"end":{"line":24,"column":8}},"7":{"start":{"line":19,"column":4},"end":{"line":19,"column":24}},"8":{"start":{"line":20,"column":4},"end":{"line":20,"column":25}},"9":{"start":{"line":22,"column":4},"end":{"line":22,"column":25}},"10":{"start":{"line":23,"column":4},"end":{"line":23,"column":23}},"11":{"start":{"line":26,"column":22},"end":{"line":28,"column":8}},"12":{"start":{"line":27,"column":4},"end":{"line":27,"column":26}},"13":{"start":{"line":30,"column":27},"end":{"line":51,"column":3}},"14":{"start":{"line":32,"column":4},"end":{"line":36,"column":5}},"15":{"start":{"line":33,"column":6},"end":{"line":33,"column":27}},"16":{"start":{"line":34,"column":6},"end":{"line":34,"column":25}},"17":{"start":{"line":35,"column":6},"end":{"line":35,"column":12}},"18":{"start":{"line":38,"column":4},"end":{"line":38,"column":25}},"19":{"start":{"line":39,"column":4},"end":{"line":39,"column":27}},"20":{"start":{"line":40,"column":4},"end":{"line":40,"column":18}},"21":{"start":{"line":42,"column":4},"end":{"line":50,"column":5}},"22":{"start":{"line":43,"column":20},"end":{"line":43,"column":57}},"23":{"start":{"line":44,"column":6},"end":{"line":44,"column":28}},"24":{"start":{"line":46,"column":22},"end":{"line":46,"column":92}},"25":{"start":{"line":47,"column":6},"end":{"line":47,"column":23}},"26":{"start":{"line":49,"column":6},"end":{"line":49,"column":30}},"27":{"start":{"line":53,"column":2},"end":{"line":65,"column":3}}},"fnMap":{"0":{"name":"Home","decl":{"start":{"line":10,"column":24},"end":{"line":10,"column":28}},"loc":{"start":{"line":10,"column":31},"end":{"line":66,"column":1}},"line":10},"1":{"name":"(anonymous_1)","decl":{"start":{"line":18,"column":39},"end":{"line":18,"column":40}},"loc":{"start":{"line":18,"column":78},"end":{"line":24,"column":3}},"line":18},"2":{"name":"(anonymous_2)","decl":{"start":{"line":26,"column":34},"end":{"line":26,"column":35}},"loc":{"start":{"line":26,"column":60},"end":{"line":28,"column":3}},"line":26},"3":{"name":"(anonymous_3)","decl":{"start":{"line":30,"column":27},"end":{"line":30,"column":28}},"loc":{"start":{"line":30,"column":49},"end":{"line":51,"column":3}},"line":30}},"branchMap":{"0":{"loc":{"start":{"line":32,"column":4},"end":{"line":36,"column":5}},"type":"if","locations":[{"start":{"line":32,"column":4},"end":{"line":36,"column":5}},{"start":{},"end":{}}],"line":32},"1":{"loc":{"start":{"line":46,"column":22},"end":{"line":46,"column":92}},"type":"cond-expr","locations":[{"start":{"line":46,"column":47},"end":{"line":46,"column":60}},{"start":{"line":46,"column":63},"end":{"line":46,"column":92}}],"line":46},"2":{"loc":{"start":{"line":61,"column":7},"end":{"line":63,"column":7}},"type":"binary-expr","locations":[{"start":{"line":61,"column":7},"end":{"line":61,"column":19}},{"start":{"line":62,"column":8},"end":{"line":62,"column":115}}],"line":61}},"s":{"0":37,"1":37,"2":37,"3":37,"4":37,"5":37,"6":37,"7":16,"8":16,"9":16,"10":16,"11":37,"12":1,"13":37,"14":6,"15":1,"16":1,"17":1,"18":5,"19":5,"20":5,"21":5,"22":5,"23":3,"24":2,"25":2,"26":5,"27":37},"f":{"0":37,"1":16,"2":1,"3":6},"b":{"0":[1,5],"1":[1,1],"2":[37,10]},"_coverageSchema":"1a1c01bbd47fc00a2c39e90264f33305004495a9","hash":"d6b34631242d863a362e72a47124da5805b0a28b"}
,"/Users/kickavenue/Downloads/github-repos-explorer/components/error-message.tsx": {"path":"/Users/kickavenue/Downloads/github-repos-explorer/components/error-message.tsx","statementMap":{"0":{"start":{"line":6,"column":2},"end":{"line":10,"column":3}}},"fnMap":{"0":{"name":"ErrorMessage","decl":{"start":{"line":5,"column":24},"end":{"line":5,"column":36}},"loc":{"start":{"line":5,"column":69},"end":{"line":11,"column":1}},"line":5}},"branchMap":{},"s":{"0":5},"f":{"0":5},"b":{},"_coverageSchema":"1a1c01bbd47fc00a2c39e90264f33305004495a9","hash":"cf74562d41662d42f089ba950527336b62f671d3"}
,"/Users/kickavenue/Downloads/github-repos-explorer/components/loading-spinner.tsx": {"path":"/Users/kickavenue/Downloads/github-repos-explorer/components/loading-spinner.tsx","statementMap":{"0":{"start":{"line":6,"column":20},"end":{"line":10,"column":9}},"1":{"start":{"line":12,"column":2},"end":{"line":16,"column":3}}},"fnMap":{"0":{"name":"LoadingSpinner","decl":{"start":{"line":5,"column":24},"end":{"line":5,"column":38}},"loc":{"start":{"line":5,"column":81},"end":{"line":17,"column":1}},"line":5}},"branchMap":{"0":{"loc":{"start":{"line":5,"column":41},"end":{"line":5,"column":56}},"type":"default-arg","locations":[{"start":{"line":5,"column":48},"end":{"line":5,"column":56}}],"line":5}},"s":{"0":16,"1":16},"f":{"0":16},"b":{"0":[6]},"_coverageSchema":"1a1c01bbd47fc00a2c39e90264f33305004495a9","hash":"0fd7d70ff30377bf9097fd2beb23b37a92ebcfa7"}
,"/Users/kickavenue/Downloads/github-repos-explorer/components/repository-list.tsx": {"path":"/Users/kickavenue/Downloads/github-repos-explorer/components/repository-list.tsx","statementMap":{"0":{"start":{"line":14,"column":2},"end":{"line":14,"column":24}},"1":{"start":{"line":14,"column":13},"end":{"line":14,"column":24}},"2":{"start":{"line":15,"column":2},"end":{"line":15,"column":42}},"3":{"start":{"line":15,"column":17},"end":{"line":15,"column":42}},"4":{"start":{"line":16,"column":2},"end":{"line":16,"column":52}},"5":{"start":{"line":16,"column":13},"end":{"line":16,"column":52}},"6":{"start":{"line":18,"column":2},"end":{"line":65,"column":3}},"7":{"start":{"line":37,"column":12},"end":{"line":60,"column":18}}},"fnMap":{"0":{"name":"RepositoryList","decl":{"start":{"line":13,"column":24},"end":{"line":13,"column":38}},"loc":{"start":{"line":13,"column":102},"end":{"line":66,"column":1}},"line":13},"1":{"name":"(anonymous_1)","decl":{"start":{"line":36,"column":28},"end":{"line":36,"column":29}},"loc":{"start":{"line":37,"column":12},"end":{"line":60,"column":18}},"line":37}},"branchMap":{"0":{"loc":{"start":{"line":14,"column":2},"end":{"line":14,"column":24}},"type":"if","locations":[{"start":{"line":14,"column":2},"end":{"line":14,"column":24}},{"start":{},"end":{}}],"line":14},"1":{"loc":{"start":{"line":15,"column":2},"end":{"line":15,"column":42}},"type":"if","locations":[{"start":{"line":15,"column":2},"end":{"line":15,"column":42}},{"start":{},"end":{}}],"line":15},"2":{"loc":{"start":{"line":16,"column":2},"end":{"line":16,"column":52}},"type":"if","locations":[{"start":{"line":16,"column":2},"end":{"line":16,"column":52}},{"start":{},"end":{}}],"line":16},"3":{"loc":{"start":{"line":24,"column":17},"end":{"line":24,"column":54}},"type":"binary-expr","locations":[{"start":{"line":24,"column":17},"end":{"line":24,"column":32}},{"start":{"line":24,"column":36},"end":{"line":24,"column":54}}],"line":24},"4":{"loc":{"start":{"line":32,"column":7},"end":{"line":63,"column":7}},"type":"cond-expr","locations":[{"start":{"line":33,"column":8},"end":{"line":33,"column":36}},{"start":{"line":35,"column":8},"end":{"line":62,"column":14}}],"line":32},"5":{"loc":{"start":{"line":54,"column":49},"end":{"line":54,"column":95}},"type":"binary-expr","locations":[{"start":{"line":54,"column":49},"end":{"line":54,"column":65}},{"start":{"line":54,"column":69},"end":{"line":54,"column":95}}],"line":54},"6":{"loc":{"start":{"line":55,"column":15},"end":{"line":59,"column":15}},"type":"binary-expr","locations":[{"start":{"line":55,"column":15},"end":{"line":55,"column":28}},{"start":{"line":56,"column":16},"end":{"line":58,"column":22}}],"line":55}},"s":{"0":15,"1":1,"2":14,"3":6,"4":8,"5":3,"6":5,"7":5},"f":{"0":15,"1":5},"b":{"0":[1,14],"1":[6,8],"2":[3,5],"3":[5,0],"4":[1,4],"5":[5,1],"6":[5,5]},"_coverageSchema":"1a1c01bbd47fc00a2c39e90264f33305004495a9","hash":"ebf544c90d7b02dcaaf7b5e70e38d6fef2f74609"}
,"/Users/kickavenue/Downloads/github-repos-explorer/components/user-list.tsx": {"path":"/Users/kickavenue/Downloads/github-repos-explorer/components/user-list.tsx","statementMap":{"0":{"start":{"line":12,"column":2},"end":{"line":14,"column":3}},"1":{"start":{"line":13,"column":4},"end":{"line":13,"column":15}},"2":{"start":{"line":16,"column":2},"end":{"line":43,"column":3}},"3":{"start":{"line":21,"column":10},"end":{"line":39,"column":16}},"4":{"start":{"line":26,"column":27},"end":{"line":26,"column":45}}},"fnMap":{"0":{"name":"UserList","decl":{"start":{"line":11,"column":24},"end":{"line":11,"column":32}},"loc":{"start":{"line":11,"column":100},"end":{"line":44,"column":1}},"line":11},"1":{"name":"(anonymous_1)","decl":{"start":{"line":20,"column":19},"end":{"line":20,"column":20}},"loc":{"start":{"line":21,"column":10},"end":{"line":39,"column":16}},"line":21},"2":{"name":"(anonymous_2)","decl":{"start":{"line":26,"column":21},"end":{"line":26,"column":22}},"loc":{"start":{"line":26,"column":27},"end":{"line":26,"column":45}},"line":26}},"branchMap":{"0":{"loc":{"start":{"line":12,"column":2},"end":{"line":14,"column":3}},"type":"if","locations":[{"start":{"line":12,"column":2},"end":{"line":14,"column":3}},{"start":{},"end":{}}],"line":12},"1":{"loc":{"start":{"line":18,"column":50},"end":{"line":18,"column":110}},"type":"cond-expr","locations":[{"start":{"line":18,"column":69},"end":{"line":18,"column":105}},{"start":{"line":18,"column":108},"end":{"line":18,"column":110}}],"line":18},"2":{"loc":{"start":{"line":24,"column":14},"end":{"line":24,"column":62}},"type":"cond-expr","locations":[{"start":{"line":24,"column":45},"end":{"line":24,"column":57}},{"start":{"line":24,"column":60},"end":{"line":24,"column":62}}],"line":24},"3":{"loc":{"start":{"line":30,"column":21},"end":{"line":30,"column":58}},"type":"binary-expr","locations":[{"start":{"line":30,"column":21},"end":{"line":30,"column":36}},{"start":{"line":30,"column":40},"end":{"line":30,"column":58}}],"line":30},"4":{"loc":{"start":{"line":37,"column":57},"end":{"line":37,"column":115}},"type":"cond-expr","locations":[{"start":{"line":37,"column":88},"end":{"line":37,"column":110}},{"start":{"line":37,"column":113},"end":{"line":37,"column":115}}],"line":37}},"s":{"0":41,"1":20,"2":21,"3":25,"4":8},"f":{"0":41,"1":25,"2":8},"b":{"0":[20,21],"1":[21,0],"2":[11,14],"3":[25,0],"4":[11,14]},"_coverageSchema":"1a1c01bbd47fc00a2c39e90264f33305004495a9","hash":"b8ff16f85748b55e4dcfe45d9ed827c10f409ec8"}
,"/Users/kickavenue/Downloads/github-repos-explorer/components/user-search.tsx": {"path":"/Users/kickavenue/Downloads/github-repos-explorer/components/user-search.tsx","statementMap":{"0":{"start":{"line":16,"column":28},"end":{"line":16,"column":40}},"1":{"start":{"line":17,"column":36},"end":{"line":17,"column":51}},"2":{"start":{"line":18,"column":42},"end":{"line":18,"column":54}},"3":{"start":{"line":19,"column":25},"end":{"line":19,"column":48}},"4":{"start":{"line":21,"column":2},"end":{"line":43,"column":45}},"5":{"start":{"line":22,"column":23},"end":{"line":40,"column":5}},"6":{"start":{"line":23,"column":6},"end":{"line":26,"column":7}},"7":{"start":{"line":24,"column":8},"end":{"line":24,"column":28}},"8":{"start":{"line":25,"column":8},"end":{"line":25,"column":14}},"9":{"start":{"line":28,"column":6},"end":{"line":28,"column":24}},"10":{"start":{"line":29,"column":6},"end":{"line":39,"column":7}},"11":{"start":{"line":30,"column":22},"end":{"line":30,"column":55}},"12":{"start":{"line":31,"column":8},"end":{"line":31,"column":43}},"13":{"start":{"line":32,"column":8},"end":{"line":32,"column":27}},"14":{"start":{"line":34,"column":24},"end":{"line":34,"column":92}},"15":{"start":{"line":35,"column":8},"end":{"line":35,"column":32}},"16":{"start":{"line":36,"column":8},"end":{"line":36,"column":24}},"17":{"start":{"line":38,"column":8},"end":{"line":38,"column":27}},"18":{"start":{"line":42,"column":4},"end":{"line":42,"column":16}},"19":{"start":{"line":45,"column":28},"end":{"line":47,"column":3}},"20":{"start":{"line":46,"column":4},"end":{"line":46,"column":28}},"21":{"start":{"line":49,"column":23},"end":{"line":52,"column":3}},"22":{"start":{"line":50,"column":4},"end":{"line":50,"column":22}},"23":{"start":{"line":54,"column":2},"end":{"line":78,"column":3}}},"fnMap":{"0":{"name":"UserSearch","decl":{"start":{"line":15,"column":24},"end":{"line":15,"column":34}},"loc":{"start":{"line":15,"column":79},"end":{"line":79,"column":1}},"line":15},"1":{"name":"(anonymous_1)","decl":{"start":{"line":21,"column":12},"end":{"line":21,"column":13}},"loc":{"start":{"line":21,"column":18},"end":{"line":43,"column":3}},"line":21},"2":{"name":"(anonymous_2)","decl":{"start":{"line":22,"column":23},"end":{"line":22,"column":24}},"loc":{"start":{"line":22,"column":35},"end":{"line":40,"column":5}},"line":22},"3":{"name":"(anonymous_3)","decl":{"start":{"line":45,"column":28},"end":{"line":45,"column":29}},"loc":{"start":{"line":45,"column":66},"end":{"line":47,"column":3}},"line":45},"4":{"name":"(anonymous_4)","decl":{"start":{"line":49,"column":23},"end":{"line":49,"column":24}},"loc":{"start":{"line":49,"column":58},"end":{"line":52,"column":3}},"line":49}},"branchMap":{"0":{"loc":{"start":{"line":23,"column":6},"end":{"line":26,"column":7}},"type":"if","locations":[{"start":{"line":23,"column":6},"end":{"line":26,"column":7}},{"start":{},"end":{}}],"line":23},"1":{"loc":{"start":{"line":34,"column":24},"end":{"line":34,"column":92}},"type":"cond-expr","locations":[{"start":{"line":34,"column":49},"end":{"line":34,"column":62}},{"start":{"line":34,"column":65},"end":{"line":34,"column":92}}],"line":34},"2":{"loc":{"start":{"line":71,"column":13},"end":{"line":71,"column":50}},"type":"cond-expr","locations":[{"start":{"line":71,"column":25},"end":{"line":71,"column":39}},{"start":{"line":71,"column":42},"end":{"line":71,"column":50}}],"line":71},"3":{"loc":{"start":{"line":75,"column":7},"end":{"line":75,"column":51}},"type":"binary-expr","locations":[{"start":{"line":75,"column":7},"end":{"line":75,"column":16}},{"start":{"line":75,"column":20},"end":{"line":75,"column":51}}],"line":75},"4":{"loc":{"start":{"line":76,"column":7},"end":{"line":76,"column":62}},"type":"binary-expr","locations":[{"start":{"line":76,"column":7},"end":{"line":76,"column":19}},{"start":{"line":76,"column":23},"end":{"line":76,"column":62}}],"line":76}},"s":{"0":83,"1":83,"2":83,"3":83,"4":83,"5":27,"6":27,"7":16,"8":16,"9":11,"10":11,"11":11,"12":9,"13":9,"14":2,"15":2,"16":2,"17":11,"18":27,"19":83,"20":15,"21":83,"22":1,"23":83},"f":{"0":83,"1":27,"2":27,"3":15,"4":1},"b":{"0":[16,11],"1":[2,0],"2":[10,73],"3":[83,10],"4":[83,2]},"_coverageSchema":"1a1c01bbd47fc00a2c39e90264f33305004495a9","hash":"7d112e42fb323a7bd7e58ecc11b87ad79967d2b0"}
,"/Users/kickavenue/Downloads/github-repos-explorer/hooks/use-debounce.ts": {"path":"/Users/kickavenue/Downloads/github-repos-explorer/hooks/use-debounce.ts","statementMap":{"0":{"start":{"line":6,"column":46},"end":{"line":6,"column":64}},"1":{"start":{"line":8,"column":2},"end":{"line":16,"column":20}},"2":{"start":{"line":9,"column":18},"end":{"line":11,"column":13}},"3":{"start":{"line":10,"column":6},"end":{"line":10,"column":30}},"4":{"start":{"line":13,"column":4},"end":{"line":15,"column":5}},"5":{"start":{"line":14,"column":6},"end":{"line":14,"column":25}},"6":{"start":{"line":18,"column":2},"end":{"line":18,"column":23}}},"fnMap":{"0":{"name":"useDebounce","decl":{"start":{"line":5,"column":16},"end":{"line":5,"column":27}},"loc":{"start":{"line":5,"column":59},"end":{"line":19,"column":1}},"line":5},"1":{"name":"(anonymous_1)","decl":{"start":{"line":8,"column":12},"end":{"line":8,"column":13}},"loc":{"start":{"line":8,"column":18},"end":{"line":16,"column":3}},"line":8},"2":{"name":"(anonymous_2)","decl":{"start":{"line":9,"column":29},"end":{"line":9,"column":30}},"loc":{"start":{"line":9,"column":35},"end":{"line":11,"column":5}},"line":9},"3":{"name":"(anonymous_3)","decl":{"start":{"line":13,"column":11},"end":{"line":13,"column":12}},"loc":{"start":{"line":13,"column":17},"end":{"line":15,"column":5}},"line":13}},"branchMap":{},"s":{"0":96,"1":96,"2":41,"3":15,"4":41,"5":41,"6":96},"f":{"0":96,"1":41,"2":15,"3":41},"b":{},"_coverageSchema":"1a1c01bbd47fc00a2c39e90264f33305004495a9","hash":"089180f967e6feec718ac40555d516ec6a97a06f"}
,"/Users/kickavenue/Downloads/github-repos-explorer/services/github-api.ts": {"path":"/Users/kickavenue/Downloads/github-repos-explorer/services/github-api.ts","statementMap":{"0":{"start":{"line":3,"column":17},"end":{"line":3,"column":41}},"1":{"start":{"line":6,"column":2},"end":{"line":6,"column":30}},"2":{"start":{"line":6,"column":21},"end":{"line":6,"column":30}},"3":{"start":{"line":8,"column":2},"end":{"line":20,"column":3}},"4":{"start":{"line":9,"column":21},"end":{"line":9,"column":102}},"5":{"start":{"line":11,"column":4},"end":{"line":13,"column":5}},"6":{"start":{"line":12,"column":6},"end":{"line":12,"column":61}},"7":{"start":{"line":15,"column":17},"end":{"line":15,"column":38}},"8":{"start":{"line":16,"column":4},"end":{"line":16,"column":21}},"9":{"start":{"line":18,"column":4},"end":{"line":18,"column":50}},"10":{"start":{"line":19,"column":4},"end":{"line":19,"column":15}},"11":{"start":{"line":24,"column":2},"end":{"line":35,"column":3}},"12":{"start":{"line":25,"column":21},"end":{"line":25,"column":104}},"13":{"start":{"line":27,"column":4},"end":{"line":29,"column":5}},"14":{"start":{"line":28,"column":6},"end":{"line":28,"column":61}},"15":{"start":{"line":31,"column":4},"end":{"line":31,"column":32}},"16":{"start":{"line":33,"column":4},"end":{"line":33,"column":56}},"17":{"start":{"line":34,"column":4},"end":{"line":34,"column":15}}},"fnMap":{"0":{"name":"searchUsers","decl":{"start":{"line":5,"column":22},"end":{"line":5,"column":33}},"loc":{"start":{"line":5,"column":66},"end":{"line":21,"column":1}},"line":5},"1":{"name":"getUserRepositories","decl":{"start":{"line":23,"column":22},"end":{"line":23,"column":41}},"loc":{"start":{"line":23,"column":83},"end":{"line":36,"column":1}},"line":23}},"branchMap":{"0":{"loc":{"start":{"line":6,"column":2},"end":{"line":6,"column":30}},"type":"if","locations":[{"start":{"line":6,"column":2},"end":{"line":6,"column":30}},{"start":{},"end":{}}],"line":6},"1":{"loc":{"start":{"line":11,"column":4},"end":{"line":13,"column":5}},"type":"if","locations":[{"start":{"line":11,"column":4},"end":{"line":13,"column":5}},{"start":{},"end":{}}],"line":11},"2":{"loc":{"start":{"line":27,"column":4},"end":{"line":29,"column":5}},"type":"if","locations":[{"start":{"line":27,"column":4},"end":{"line":29,"column":5}},{"start":{},"end":{}}],"line":27}},"s":{"0":3,"1":7,"2":2,"3":5,"4":5,"5":4,"6":1,"7":3,"8":3,"9":2,"10":2,"11":5,"12":5,"13":4,"14":1,"15":3,"16":2,"17":2},"f":{"0":7,"1":5},"b":{"0":[2,5],"1":[1,3],"2":[1,3]},"_coverageSchema":"1a1c01bbd47fc00a2c39e90264f33305004495a9","hash":"ea07730e07fa7a2642618d22ed68f8e5b3c98c5a"}
}
