TN:
SF:app/page.tsx
FN:10,Home
FN:18,(anonymous_1)
FN:26,(anonymous_2)
FN:30,(anonymous_3)
FNF:4
FNH:4
FNDA:37,Home
FNDA:16,(anonymous_1)
FNDA:1,(anonymous_2)
FNDA:6,(anonymous_3)
DA:11,37
DA:12,37
DA:13,37
DA:14,37
DA:15,37
DA:16,37
DA:18,37
DA:19,16
DA:20,16
DA:22,16
DA:23,16
DA:26,37
DA:27,1
DA:30,37
DA:32,6
DA:33,1
DA:34,1
DA:35,1
DA:38,5
DA:39,5
DA:40,5
DA:42,5
DA:43,5
DA:44,3
DA:46,2
DA:47,2
DA:49,5
DA:53,37
LF:28
LH:28
BRDA:32,0,0,1
BRDA:32,0,1,5
BRDA:46,1,0,1
BRDA:46,1,1,1
BRDA:61,2,0,37
BRDA:61,2,1,10
BRF:6
BRH:6
end_of_record
TN:
SF:components/error-message.tsx
FN:5,ErrorMessage
FNF:1
FNH:1
FNDA:5,ErrorMessage
DA:6,5
LF:1
LH:1
BRF:0
BRH:0
end_of_record
TN:
SF:components/loading-spinner.tsx
FN:5,LoadingSpinner
FNF:1
FNH:1
FNDA:16,LoadingSpinner
DA:6,16
DA:12,16
LF:2
LH:2
BRDA:5,0,0,6
BRF:1
BRH:1
end_of_record
TN:
SF:components/repository-list.tsx
FN:13,RepositoryList
FN:36,(anonymous_1)
FNF:2
FNH:2
FNDA:15,RepositoryList
FNDA:5,(anonymous_1)
DA:14,15
DA:15,14
DA:16,8
DA:18,5
DA:37,5
LF:5
LH:5
BRDA:14,0,0,1
BRDA:14,0,1,14
BRDA:15,1,0,6
BRDA:15,1,1,8
BRDA:16,2,0,3
BRDA:16,2,1,5
BRDA:24,3,0,5
BRDA:24,3,1,0
BRDA:32,4,0,1
BRDA:32,4,1,4
BRDA:54,5,0,5
BRDA:54,5,1,1
BRDA:55,6,0,5
BRDA:55,6,1,5
BRF:14
BRH:13
end_of_record
TN:
SF:components/user-list.tsx
FN:11,UserList
FN:20,(anonymous_1)
FN:26,(anonymous_2)
FNF:3
FNH:3
FNDA:41,UserList
FNDA:25,(anonymous_1)
FNDA:8,(anonymous_2)
DA:12,41
DA:13,20
DA:16,21
DA:21,25
DA:26,8
LF:5
LH:5
BRDA:12,0,0,20
BRDA:12,0,1,21
BRDA:18,1,0,21
BRDA:18,1,1,0
BRDA:24,2,0,11
BRDA:24,2,1,14
BRDA:30,3,0,25
BRDA:30,3,1,0
BRDA:37,4,0,11
BRDA:37,4,1,14
BRF:10
BRH:8
end_of_record
TN:
SF:components/user-search.tsx
FN:15,UserSearch
FN:21,(anonymous_1)
FN:22,(anonymous_2)
FN:45,(anonymous_3)
FN:49,(anonymous_4)
FNF:5
FNH:5
FNDA:83,UserSearch
FNDA:27,(anonymous_1)
FNDA:27,(anonymous_2)
FNDA:15,(anonymous_3)
FNDA:1,(anonymous_4)
DA:16,83
DA:17,83
DA:18,83
DA:19,83
DA:21,83
DA:22,27
DA:23,27
DA:24,16
DA:25,16
DA:28,11
DA:29,11
DA:30,11
DA:31,9
DA:32,9
DA:34,2
DA:35,2
DA:36,2
DA:38,11
DA:42,27
DA:45,83
DA:46,15
DA:49,83
DA:50,1
DA:54,83
LF:24
LH:24
BRDA:23,0,0,16
BRDA:23,0,1,11
BRDA:34,1,0,2
BRDA:34,1,1,0
BRDA:71,2,0,10
BRDA:71,2,1,73
BRDA:75,3,0,83
BRDA:75,3,1,10
BRDA:76,4,0,83
BRDA:76,4,1,2
BRF:10
BRH:9
end_of_record
TN:
SF:hooks/use-debounce.ts
FN:5,useDebounce
FN:8,(anonymous_1)
FN:9,(anonymous_2)
FN:13,(anonymous_3)
FNF:4
FNH:4
FNDA:96,useDebounce
FNDA:41,(anonymous_1)
FNDA:15,(anonymous_2)
FNDA:41,(anonymous_3)
DA:6,96
DA:8,96
DA:9,41
DA:10,15
DA:13,41
DA:14,41
DA:18,96
LF:7
LH:7
BRF:0
BRH:0
end_of_record
TN:
SF:services/github-api.ts
FN:5,searchUsers
FN:23,getUserRepositories
FNF:2
FNH:2
FNDA:7,searchUsers
FNDA:5,getUserRepositories
DA:3,3
DA:6,7
DA:8,5
DA:9,5
DA:11,4
DA:12,1
DA:15,3
DA:16,3
DA:18,2
DA:19,2
DA:24,5
DA:25,5
DA:27,4
DA:28,1
DA:31,3
DA:33,2
DA:34,2
LF:17
LH:17
BRDA:6,0,0,2
BRDA:6,0,1,5
BRDA:11,1,0,1
BRDA:11,1,1,3
BRDA:27,2,0,1
BRDA:27,2,1,3
BRF:6
BRH:6
end_of_record
